<?xml version="1.0" encoding="UTF-8" ?>
<testsuites>
  <testsuite errors="0" failures="0" hostname="478-mac-02.seplab" id="0" name="EncryptTest" package="com.develogical.crypto" tests="3" time="0.078" timestamp="2012-01-16T17:18:42">
      <properties>
[...]
</properties>

      <testcase classname="com.develogical.crypto.EncryptTest" name="basicReverse" time="0.017" />

      <testcase classname="com.develogical.crypto.EncryptTest" name="basicSubstitute" time="0.0070" />

      <testcase classname="com.develogical.crypto.EncryptTest" name="decodeSubstitute" time="0.0030" />

      <system-out><![CDATA[]]></system-out>

      <system-err><![CDATA[]]></system-err>

  </testsuite>
</testsuites>
